-------------------------------------------------------------------------------
Test set: com.example.feeder.FeederApplicationTests
-------------------------------------------------------------------------------
Tests run: 1, Failures: 0, Errors: 1, Skipped: 0, Time elapsed: 8.768 s <<< FAILURE! - in com.example.feeder.FeederApplicationTests
contextLoads(com.example.feeder.FeederApplicationTests)  Time elapsed: 0.004 s  <<< ERROR!
java.lang.IllegalStateException: Failed to load ApplicationContext
Caused by: org.springframework.beans.factory.BeanCreationException: Error creating bean with name 'entityManagerFactory' defined in class path resource [org/springframework/boot/autoconfigure/orm/jpa/HibernateJpaConfiguration.class]: Invocation of init method failed; nested exception is javax.persistence.PersistenceException: [PersistenceUnit: default] Unable to build Hibernate SessionFactory; nested exception is org.hibernate.exception.JDBCConnectionException: Unable to open JDBC Connection for DDL execution
Caused by: javax.persistence.PersistenceException: [PersistenceUnit: default] Unable to build Hibernate SessionFactory; nested exception is org.hibernate.exception.JDBCConnectionException: Unable to open JDBC Connection for DDL execution
Caused by: org.hibernate.exception.JDBCConnectionException: Unable to open JDBC Connection for DDL execution
Caused by: org.h2.jdbc.JdbcSQLNonTransientConnectionException: 
Databáza sa už asi používa: null. Možné riešenia: zatvorte všetky dalšie spojenia; použite serverový mód
Database may be already in use: null. Possible solutions: close all other connection(s); use the server mode [90020-199]
Caused by: java.lang.IllegalStateException: The file is locked: nio:C:/Users/WIN10/test.mv.db [1.4.199/7]

