-------------------------------------------------------------------------------
Test set: com.example.feeder.FeederApplicationTests
-------------------------------------------------------------------------------
Tests run: 1, Failures: 0, Errors: 1, Skipped: 0, Time elapsed: 16.667 s <<< FAILURE! - in com.example.feeder.FeederApplicationTests
contextLoads(com.example.feeder.FeederApplicationTests)  Time elapsed: 0.002 s  <<< ERROR!
java.lang.IllegalStateException: Failed to load ApplicationContext
Caused by: java.lang.IllegalStateException: Failed to execute CommandLineRunner
Caused by: org.springframework.dao.InvalidDataAccessApiUsageException: org.hibernate.TransientPropertyValueException: Not-null property references a transient value - transient instance must be saved before current operation : com.example.feeder.domain.entity.Comment.post -> com.example.feeder.domain.entity.Post; nested exception is java.lang.IllegalStateException: org.hibernate.TransientPropertyValueException: Not-null property references a transient value - transient instance must be saved before current operation : com.example.feeder.domain.entity.Comment.post -> com.example.feeder.domain.entity.Post
Caused by: java.lang.IllegalStateException: org.hibernate.TransientPropertyValueException: Not-null property references a transient value - transient instance must be saved before current operation : com.example.feeder.domain.entity.Comment.post -> com.example.feeder.domain.entity.Post
Caused by: org.hibernate.TransientPropertyValueException: Not-null property references a transient value - transient instance must be saved before current operation : com.example.feeder.domain.entity.Comment.post -> com.example.feeder.domain.entity.Post

